<?xml version="1.0" encoding="UTF-8"?>
<testsuite name="pl.example.spring.Stanu.studentServiceTest" tests="4" skipped="0" failures="0" errors="0" timestamp="2019-12-14T15:28:55" hostname="PC-STANU" time="0.26">
  <properties/>
  <testcase name="addStudentHasNewId" classname="pl.example.spring.Stanu.studentServiceTest" time="0.237"/>
  <testcase name="addStudentIsReturned" classname="pl.example.spring.Stanu.studentServiceTest" time="0.007"/>
  <testcase name="getEmptyList" classname="pl.example.spring.Stanu.studentServiceTest" time="0.006"/>
  <testcase name="addStudent" classname="pl.example.spring.Stanu.studentServiceTest" time="0.008"/>
  <system-out><![CDATA[2019-12-14 16:28:55.502  INFO 6976 --- [    Test worker] .b.t.c.SpringBootTestContextBootstrapper : Neither @ContextConfiguration nor @ContextHierarchy found for test class [pl.example.spring.Stanu.studentServiceTest], using SpringBootContextLoader
2019-12-14 16:28:55.503  INFO 6976 --- [    Test worker] o.s.t.c.support.AbstractContextLoader    : Could not detect default resource locations for test class [pl.example.spring.Stanu.studentServiceTest]: no resource found for suffixes {-context.xml, Context.groovy}.
2019-12-14 16:28:55.503  INFO 6976 --- [    Test worker] t.c.s.AnnotationConfigContextLoaderUtils : Could not detect default configuration classes for test class [pl.example.spring.Stanu.studentServiceTest]: studentServiceTest does not declare any static, non-private, non-final, nested classes annotated with @Configuration.
2019-12-14 16:28:55.510  INFO 6976 --- [    Test worker] .b.t.c.SpringBootTestContextBootstrapper : Found @SpringBootConfiguration pl.example.spring.Stanu.StanuApplication for test class pl.example.spring.Stanu.studentServiceTest
2019-12-14 16:28:55.512  INFO 6976 --- [    Test worker] .b.t.c.SpringBootTestContextBootstrapper : Loaded default TestExecutionListener class names from location [META-INF/spring.factories]: [org.springframework.boot.test.autoconfigure.restdocs.RestDocsTestExecutionListener, org.springframework.boot.test.autoconfigure.web.client.MockRestServiceServerResetTestExecutionListener, org.springframework.boot.test.autoconfigure.web.servlet.MockMvcPrintOnlyOnFailureTestExecutionListener, org.springframework.boot.test.autoconfigure.web.servlet.WebDriverTestExecutionListener, org.springframework.boot.test.mock.mockito.MockitoTestExecutionListener, org.springframework.boot.test.mock.mockito.ResetMocksTestExecutionListener, org.springframework.test.context.web.ServletTestExecutionListener, org.springframework.test.context.support.DirtiesContextBeforeModesTestExecutionListener, org.springframework.test.context.support.DependencyInjectionTestExecutionListener, org.springframework.test.context.support.DirtiesContextTestExecutionListener, org.springframework.test.context.transaction.TransactionalTestExecutionListener, org.springframework.test.context.jdbc.SqlScriptsTestExecutionListener]
2019-12-14 16:28:55.516  INFO 6976 --- [    Test worker] .b.t.c.SpringBootTestContextBootstrapper : Using TestExecutionListeners: [org.springframework.test.context.web.ServletTestExecutionListener@4cda8c4, org.springframework.test.context.support.DirtiesContextBeforeModesTestExecutionListener@362e70a7, org.springframework.boot.test.mock.mockito.MockitoTestExecutionListener@736c4769, org.springframework.boot.test.autoconfigure.SpringBootDependencyInjectionTestExecutionListener@43908473, org.springframework.test.context.support.DirtiesContextTestExecutionListener@2a728f4d, org.springframework.test.context.transaction.TransactionalTestExecutionListener@6f1c69ec, org.springframework.test.context.jdbc.SqlScriptsTestExecutionListener@7eda2c69, org.springframework.boot.test.autoconfigure.restdocs.RestDocsTestExecutionListener@39ae8cdd, org.springframework.boot.test.autoconfigure.web.client.MockRestServiceServerResetTestExecutionListener@7187442, org.springframework.boot.test.autoconfigure.web.servlet.MockMvcPrintOnlyOnFailureTestExecutionListener@b472e44, org.springframework.boot.test.autoconfigure.web.servlet.WebDriverTestExecutionListener@2451f221, org.springframework.boot.test.mock.mockito.ResetMocksTestExecutionListener@69544a12]
2019-12-14 16:28:55.617  INFO 6976 --- [    Test worker] o.h.h.i.QueryTranslatorFactoryInitiator  : HHH000397: Using ASTQueryTranslatorFactory
]]></system-out>
  <system-err><![CDATA[]]></system-err>
</testsuite>
