<?xml version="1.0" encoding="UTF-8"?>
<testsuite name="pl.example.spring.Stanu.StanuApplicationTests" tests="1" skipped="0" failures="0" errors="0" timestamp="2019-12-14T15:28:55" hostname="PC-STANU" time="0.043">
  <properties/>
  <testcase name="contextLoads" classname="pl.example.spring.Stanu.StanuApplicationTests" time="0.043"/>
  <system-out><![CDATA[16:28:49.437 [Test worker] DEBUG org.springframework.test.context.junit4.SpringJUnit4ClassRunner - SpringJUnit4ClassRunner constructor called with [class pl.example.spring.Stanu.StanuApplicationTests]
16:28:49.444 [Test worker] DEBUG org.springframework.test.context.BootstrapUtils - Instantiating CacheAwareContextLoaderDelegate from class [org.springframework.test.context.cache.DefaultCacheAwareContextLoaderDelegate]
16:28:49.455 [Test worker] DEBUG org.springframework.test.context.BootstrapUtils - Instantiating BootstrapContext using constructor [public org.springframework.test.context.support.DefaultBootstrapContext(java.lang.Class,org.springframework.test.context.CacheAwareContextLoaderDelegate)]
16:28:49.481 [Test worker] DEBUG org.springframework.test.context.BootstrapUtils - Instantiating TestContextBootstrapper for test class [pl.example.spring.Stanu.StanuApplicationTests] from class [org.springframework.boot.test.context.SpringBootTestContextBootstrapper]
16:28:49.506 [Test worker] INFO org.springframework.boot.test.context.SpringBootTestContextBootstrapper - Neither @ContextConfiguration nor @ContextHierarchy found for test class [pl.example.spring.Stanu.StanuApplicationTests], using SpringBootContextLoader
16:28:49.509 [Test worker] DEBUG org.springframework.test.context.support.AbstractContextLoader - Did not detect default resource location for test class [pl.example.spring.Stanu.StanuApplicationTests]: class path resource [pl/example/spring/Stanu/StanuApplicationTests-context.xml] does not exist
16:28:49.510 [Test worker] DEBUG org.springframework.test.context.support.AbstractContextLoader - Did not detect default resource location for test class [pl.example.spring.Stanu.StanuApplicationTests]: class path resource [pl/example/spring/Stanu/StanuApplicationTestsContext.groovy] does not exist
16:28:49.510 [Test worker] INFO org.springframework.test.context.support.AbstractContextLoader - Could not detect default resource locations for test class [pl.example.spring.Stanu.StanuApplicationTests]: no resource found for suffixes {-context.xml, Context.groovy}.
16:28:49.511 [Test worker] INFO org.springframework.test.context.support.AnnotationConfigContextLoaderUtils - Could not detect default configuration classes for test class [pl.example.spring.Stanu.StanuApplicationTests]: StanuApplicationTests does not declare any static, non-private, non-final, nested classes annotated with @Configuration.
16:28:49.551 [Test worker] DEBUG org.springframework.test.context.support.ActiveProfilesUtils - Could not find an 'annotation declaring class' for annotation type [org.springframework.test.context.ActiveProfiles] and class [pl.example.spring.Stanu.StanuApplicationTests]
16:28:49.630 [Test worker] DEBUG org.springframework.context.annotation.ClassPathScanningCandidateComponentProvider - Identified candidate component class: file [D:\Pobrane\Teczka-master (1)\Teczka-master\build\classes\java\main\pl\example\spring\Stanu\StanuApplication.class]
16:28:49.635 [Test worker] INFO org.springframework.boot.test.context.SpringBootTestContextBootstrapper - Found @SpringBootConfiguration pl.example.spring.Stanu.StanuApplication for test class pl.example.spring.Stanu.StanuApplicationTests
16:28:49.737 [Test worker] DEBUG org.springframework.boot.test.context.SpringBootTestContextBootstrapper - @TestExecutionListeners is not present for class [pl.example.spring.Stanu.StanuApplicationTests]: using defaults.
16:28:49.738 [Test worker] INFO org.springframework.boot.test.context.SpringBootTestContextBootstrapper - Loaded default TestExecutionListener class names from location [META-INF/spring.factories]: [org.springframework.boot.test.autoconfigure.restdocs.RestDocsTestExecutionListener, org.springframework.boot.test.autoconfigure.web.client.MockRestServiceServerResetTestExecutionListener, org.springframework.boot.test.autoconfigure.web.servlet.MockMvcPrintOnlyOnFailureTestExecutionListener, org.springframework.boot.test.autoconfigure.web.servlet.WebDriverTestExecutionListener, org.springframework.boot.test.mock.mockito.MockitoTestExecutionListener, org.springframework.boot.test.mock.mockito.ResetMocksTestExecutionListener, org.springframework.test.context.web.ServletTestExecutionListener, org.springframework.test.context.support.DirtiesContextBeforeModesTestExecutionListener, org.springframework.test.context.support.DependencyInjectionTestExecutionListener, org.springframework.test.context.support.DirtiesContextTestExecutionListener, org.springframework.test.context.transaction.TransactionalTestExecutionListener, org.springframework.test.context.jdbc.SqlScriptsTestExecutionListener]
16:28:49.763 [Test worker] INFO org.springframework.boot.test.context.SpringBootTestContextBootstrapper - Using TestExecutionListeners: [org.springframework.test.context.web.ServletTestExecutionListener@2f7444d5, org.springframework.test.context.support.DirtiesContextBeforeModesTestExecutionListener@352707bd, org.springframework.boot.test.mock.mockito.MockitoTestExecutionListener@aeddb8d, org.springframework.boot.test.autoconfigure.SpringBootDependencyInjectionTestExecutionListener@256e42c0, org.springframework.test.context.support.DirtiesContextTestExecutionListener@28b1e854, org.springframework.test.context.transaction.TransactionalTestExecutionListener@25261810, org.springframework.test.context.jdbc.SqlScriptsTestExecutionListener@41738e8a, org.springframework.boot.test.autoconfigure.restdocs.RestDocsTestExecutionListener@16dcac26, org.springframework.boot.test.autoconfigure.web.client.MockRestServiceServerResetTestExecutionListener@318815e1, org.springframework.boot.test.autoconfigure.web.servlet.MockMvcPrintOnlyOnFailureTestExecutionListener@24fb7d58, org.springframework.boot.test.autoconfigure.web.servlet.WebDriverTestExecutionListener@79a1a093, org.springframework.boot.test.mock.mockito.ResetMocksTestExecutionListener@aef8e1d]
16:28:49.767 [Test worker] DEBUG org.springframework.test.annotation.ProfileValueUtils - Retrieved @ProfileValueSourceConfiguration [null] for test class [pl.example.spring.Stanu.StanuApplicationTests]
16:28:49.767 [Test worker] DEBUG org.springframework.test.annotation.ProfileValueUtils - Retrieved ProfileValueSource type [class org.springframework.test.annotation.SystemProfileValueSource] for class [pl.example.spring.Stanu.StanuApplicationTests]
16:28:49.768 [Test worker] DEBUG org.springframework.test.annotation.ProfileValueUtils - Retrieved @ProfileValueSourceConfiguration [null] for test class [pl.example.spring.Stanu.StanuApplicationTests]
16:28:49.769 [Test worker] DEBUG org.springframework.test.annotation.ProfileValueUtils - Retrieved ProfileValueSource type [class org.springframework.test.annotation.SystemProfileValueSource] for class [pl.example.spring.Stanu.StanuApplicationTests]
16:28:49.773 [Test worker] DEBUG org.springframework.test.context.support.AbstractDirtiesContextTestExecutionListener - Before test class: context [DefaultTestContext@30fee7fc testClass = StanuApplicationTests, testInstance = [null], testMethod = [null], testException = [null], mergedContextConfiguration = [WebMergedContextConfiguration@e95327f testClass = StanuApplicationTests, locations = '{}', classes = '{class pl.example.spring.Stanu.StanuApplication}', contextInitializerClasses = '[]', activeProfiles = '{}', propertySourceLocations = '{}', propertySourceProperties = '{org.springframework.boot.test.context.SpringBootTestContextBootstrapper=true}', contextCustomizers = set[org.springframework.boot.test.autoconfigure.properties.PropertyMappingContextCustomizer@0, org.springframework.boot.test.autoconfigure.web.servlet.WebDriverContextCustomizerFactory$Customizer@b3cfb17, org.springframework.boot.test.context.filter.ExcludeFilterContextCustomizer@28125795, org.springframework.boot.test.json.DuplicateJsonObjectContextCustomizerFactory$DuplicateJsonObjectContextCustomizer@1d147ccc, org.springframework.boot.test.mock.mockito.MockitoContextCustomizer@0, org.springframework.boot.test.web.client.TestRestTemplateContextCustomizer@7004abbf], resourceBasePath = 'src/main/webapp', contextLoader = 'org.springframework.boot.test.context.SpringBootContextLoader', parent = [null]], attributes = map['org.springframework.test.context.web.ServletTestExecutionListener.activateListener' -> true]], class annotated with @DirtiesContext [false] with mode [null].
16:28:49.774 [Test worker] DEBUG org.springframework.test.annotation.ProfileValueUtils - Retrieved @ProfileValueSourceConfiguration [null] for test class [pl.example.spring.Stanu.StanuApplicationTests]
16:28:49.774 [Test worker] DEBUG org.springframework.test.annotation.ProfileValueUtils - Retrieved ProfileValueSource type [class org.springframework.test.annotation.SystemProfileValueSource] for class [pl.example.spring.Stanu.StanuApplicationTests]
16:28:49.793 [Test worker] DEBUG org.springframework.test.context.support.TestPropertySourceUtils - Adding inlined properties to environment: {spring.jmx.enabled=false, org.springframework.boot.test.context.SpringBootTestContextBootstrapper=true, server.port=-1}

  .   ____          _            __ _ _
 /\\ / ___'_ __ _ _(_)_ __  __ _ \ \ \ \
( ( )\___ | '_ | '_| | '_ \/ _` | \ \ \ \
 \\/  ___)| |_)| | | | | || (_| |  ) ) ) )
  '  |____| .__|_| |_|_| |_\__, | / / / /
 =========|_|==============|___/=/_/_/_/
 :: Spring Boot ::        (v2.1.9.RELEASE)

2019-12-14 16:28:50.017  INFO 6976 --- [    Test worker] p.e.spring.Stanu.StanuApplicationTests   : Starting StanuApplicationTests on PC-STANU with PID 6976 (started by stanu in D:\Pobrane\Teczka-master (1)\Teczka-master)
2019-12-14 16:28:50.020  INFO 6976 --- [    Test worker] p.e.spring.Stanu.StanuApplicationTests   : No active profile set, falling back to default profiles: default
2019-12-14 16:28:51.226  INFO 6976 --- [    Test worker] .s.d.r.c.RepositoryConfigurationDelegate : Bootstrapping Spring Data repositories in DEFAULT mode.
2019-12-14 16:28:51.308  INFO 6976 --- [    Test worker] .s.d.r.c.RepositoryConfigurationDelegate : Finished Spring Data repository scanning in 69ms. Found 2 repository interfaces.
2019-12-14 16:28:51.688  INFO 6976 --- [    Test worker] trationDelegate$BeanPostProcessorChecker : Bean 'org.springframework.transaction.annotation.ProxyTransactionManagementConfiguration' of type [org.springframework.transaction.annotation.ProxyTransactionManagementConfiguration$$EnhancerBySpringCGLIB$$cb71fe07] is not eligible for getting processed by all BeanPostProcessors (for example: not eligible for auto-proxying)
2019-12-14 16:28:51.907  INFO 6976 --- [    Test worker] com.zaxxer.hikari.HikariDataSource       : HikariPool-1 - Starting...
2019-12-14 16:28:52.130  INFO 6976 --- [    Test worker] com.zaxxer.hikari.HikariDataSource       : HikariPool-1 - Start completed.
2019-12-14 16:28:52.213  INFO 6976 --- [    Test worker] o.hibernate.jpa.internal.util.LogHelper  : HHH000204: Processing PersistenceUnitInfo [
	name: default
	...]
2019-12-14 16:28:52.279  INFO 6976 --- [    Test worker] org.hibernate.Version                    : HHH000412: Hibernate Core {5.3.12.Final}
2019-12-14 16:28:52.280  INFO 6976 --- [    Test worker] org.hibernate.cfg.Environment            : HHH000206: hibernate.properties not found
2019-12-14 16:28:52.437  INFO 6976 --- [    Test worker] o.hibernate.annotations.common.Version   : HCANN000001: Hibernate Commons Annotations {5.0.4.Final}
2019-12-14 16:28:52.596  INFO 6976 --- [    Test worker] org.hibernate.dialect.Dialect            : HHH000400: Using dialect: org.hibernate.dialect.H2Dialect
2019-12-14 16:28:53.315  INFO 6976 --- [    Test worker] o.h.t.schema.internal.SchemaCreatorImpl  : HHH000476: Executing import script 'org.hibernate.tool.schema.internal.exec.ScriptSourceInputNonExistentImpl@396ef533'
2019-12-14 16:28:53.318  INFO 6976 --- [    Test worker] j.LocalContainerEntityManagerFactoryBean : Initialized JPA EntityManagerFactory for persistence unit 'default'
2019-12-14 16:28:53.982  WARN 6976 --- [    Test worker] aWebConfiguration$JpaWebMvcConfiguration : spring.jpa.open-in-view is enabled by default. Therefore, database queries may be performed during view rendering. Explicitly configure spring.jpa.open-in-view to disable this warning
2019-12-14 16:28:54.230  INFO 6976 --- [    Test worker] pertySourcedRequestMappingHandlerMapping : Mapped URL path [/v2/api-docs] onto method [public org.springframework.http.ResponseEntity<springfox.documentation.spring.web.json.Json> springfox.documentation.swagger2.web.Swagger2Controller.getDocumentation(java.lang.String,javax.servlet.http.HttpServletRequest)]
2019-12-14 16:28:54.840  INFO 6976 --- [    Test worker] o.s.s.concurrent.ThreadPoolTaskExecutor  : Initializing ExecutorService 'applicationTaskExecutor'
2019-12-14 16:28:55.182  INFO 6976 --- [    Test worker] d.s.w.p.DocumentationPluginsBootstrapper : Context refreshed
2019-12-14 16:28:55.206  INFO 6976 --- [    Test worker] d.s.w.p.DocumentationPluginsBootstrapper : Found 1 custom documentation plugin(s)
2019-12-14 16:28:55.232  INFO 6976 --- [    Test worker] s.d.s.w.s.ApiListingReferenceScanner     : Scanning for api listing references
2019-12-14 16:28:55.425  INFO 6976 --- [    Test worker] p.e.spring.Stanu.StanuApplicationTests   : Started StanuApplicationTests in 5.625 seconds (JVM running for 6.678)
]]></system-out>
  <system-err><![CDATA[]]></system-err>
</testsuite>
